<?xml version="1.0" encoding="UTF-8"?>
<!-- Generated by org.testng.reporters.JUnitXMLReporter -->
<testsuite ignored="0" hostname="LAPTOP-INQHA09L" failures="2" tests="7" name="BankingApp Test" time="112.363" errors="0" timestamp="2021-08-08T19:36:32 IST">
  <testcase classname="com.Inetbanking.testCases.TC_LoginTest_01" name="loginTest" time="5.076"/>
  <testcase classname="com.Inetbanking.testCases.TC_LoginDDT_02" name="loginDDT" time="14.801"/>
  <testcase classname="com.Inetbanking.testCases.TC_LoginDDT_02" name="loginDDT" time="6.415">
    <failure type="java.lang.AssertionError" message="expected [true] but found [false]">
      <![CDATA[java.lang.AssertionError: expected [true] but found [false]
at com.Inetbanking.testCases.TC_LoginDDT_02.loginDDT(TC_LoginDDT_02.java:32)
at java.base/java.util.ArrayList.forEach(ArrayList.java:1511)
... Removed 31 stack frames]]>
    </failure>
  </testcase> <!-- loginDDT -->
  <testcase classname="com.Inetbanking.testCases.TC_LoginDDT_02" name="loginDDT" time="13.216"/>
  <testcase classname="com.Inetbanking.testCases.TC_LoginDDT_02" name="loginDDT" time="6.22">
    <failure type="java.lang.AssertionError" message="expected [true] but found [false]">
      <![CDATA[java.lang.AssertionError: expected [true] but found [false]
at com.Inetbanking.testCases.TC_LoginDDT_02.loginDDT(TC_LoginDDT_02.java:32)
at java.base/java.util.ArrayList.forEach(ArrayList.java:1511)
... Removed 31 stack frames]]>
    </failure>
  </testcase> <!-- loginDDT -->
  <testcase classname="com.Inetbanking.testCases.TC_LoginDDT_02" name="loginDDT" time="16.081"/>
  <testcase classname="com.Inetbanking.testCases.TC_AddCustomerTest_03" name="addNewCustomer" time="19.65"/>
</testsuite> <!-- BankingApp Test -->
